2024-11-07 20:18:01,548 - INFO - Using device: cuda
2024-11-07 20:18:01,584 - INFO - Number of GPUs: 2
2024-11-07 20:18:01,584 - INFO - Creating datasets...
2024-11-07 20:18:02,238 - INFO - Total files in bucket prefix 'supervised/annotated-final': 2640
2024-11-07 20:18:02,238 - INFO - Number of labeled samples: 2655
2024-11-07 20:18:02,238 - INFO - 
VIEW label distribution:
2024-11-07 20:18:02,239 - INFO - Apical Four Chamber(A4C): 483 samples
2024-11-07 20:18:02,240 - INFO - Parasternal long axis (PLAX): 724 samples
2024-11-07 20:18:02,241 - INFO - Parasternal short axis(PSAX): 1448 samples
2024-11-07 20:18:02,241 - INFO - 
CONDITION label distribution:
2024-11-07 20:18:02,242 - INFO - ['Aortic Valve Regurgitation', 'Pulmonary Valve Regurgitation']: 121 samples
2024-11-07 20:18:02,242 - INFO - ['Aortic Valve Regurgitation']: 121 samples
2024-11-07 20:18:02,243 - INFO - ['Mitral Valve Prolapse']: 241 samples
2024-11-07 20:18:02,244 - INFO - ['Mitral Valve Regurgitation']: 121 samples
2024-11-07 20:18:02,244 - INFO - ['Not Applicable']: 1809 samples
2024-11-07 20:18:02,245 - INFO - ['Pulmonary Valve Regurgitation']: 121 samples
2024-11-07 20:18:02,246 - INFO - ['Tricuspid Valve Regurgitation']: 121 samples
2024-11-07 20:18:02,246 - INFO - 
SEVERITY label distribution:
2024-11-07 20:18:02,247 - INFO - Borderline rhd: 242 samples
2024-11-07 20:18:02,247 - INFO - Definite rhd: 241 samples
2024-11-07 20:18:02,248 - INFO - Not Applicable: 2172 samples
2024-11-07 20:18:05,251 - INFO - Total files in bucket prefix 'unsupervised-videos/unlabelled-frames': 38037
2024-11-07 20:18:05,251 - INFO - Number of labeled samples: 2655
2024-11-07 20:18:05,251 - INFO - 
VIEW label distribution:
2024-11-07 20:18:05,252 - INFO - Apical Four Chamber(A4C): 483 samples
2024-11-07 20:18:05,253 - INFO - Parasternal long axis (PLAX): 724 samples
2024-11-07 20:18:05,253 - INFO - Parasternal short axis(PSAX): 1448 samples
2024-11-07 20:18:05,253 - INFO - 
CONDITION label distribution:
2024-11-07 20:18:05,254 - INFO - ['Aortic Valve Regurgitation', 'Pulmonary Valve Regurgitation']: 121 samples
2024-11-07 20:18:05,255 - INFO - ['Aortic Valve Regurgitation']: 121 samples
2024-11-07 20:18:05,255 - INFO - ['Mitral Valve Prolapse']: 241 samples
2024-11-07 20:18:05,256 - INFO - ['Mitral Valve Regurgitation']: 121 samples
2024-11-07 20:18:05,257 - INFO - ['Not Applicable']: 1809 samples
2024-11-07 20:18:05,257 - INFO - ['Pulmonary Valve Regurgitation']: 121 samples
2024-11-07 20:18:05,258 - INFO - ['Tricuspid Valve Regurgitation']: 121 samples
2024-11-07 20:18:05,258 - INFO - 
SEVERITY label distribution:
2024-11-07 20:18:05,259 - INFO - Borderline rhd: 242 samples
2024-11-07 20:18:05,259 - INFO - Definite rhd: 241 samples
2024-11-07 20:18:05,260 - INFO - Not Applicable: 2172 samples
2024-11-07 20:18:05,260 - INFO - Number of classes: {'view': 3, 'condition': 7, 'severity': 3}
2024-11-07 20:18:05,261 - INFO - Dataset split: 1847 train, 396 val, 397 test
2024-11-07 20:18:05,261 - INFO - DataLoaders created.
2024-11-07 20:18:05,923 - INFO - using MLP layer as FFN
2024-11-07 20:18:06,671 - INFO - Using 2 GPUs!
2024-11-07 20:18:06,672 - INFO - 
Label Decoders:
2024-11-07 20:18:06,672 - INFO - 
VIEW:
2024-11-07 20:18:06,672 - INFO - 0: Apical Four Chamber(A4C)
2024-11-07 20:18:06,672 - INFO - 1: Parasternal long axis (PLAX)
2024-11-07 20:18:06,672 - INFO - 2: Parasternal short axis(PSAX)
2024-11-07 20:18:06,672 - INFO - 
CONDITION:
2024-11-07 20:18:06,672 - INFO - 0: ['Aortic Valve Regurgitation', 'Pulmonary Valve Regurgitation']
2024-11-07 20:18:06,672 - INFO - 1: ['Aortic Valve Regurgitation']
2024-11-07 20:18:06,672 - INFO - 2: ['Mitral Valve Prolapse']
2024-11-07 20:18:06,672 - INFO - 3: ['Mitral Valve Regurgitation']
2024-11-07 20:18:06,672 - INFO - 4: ['Not Applicable']
2024-11-07 20:18:06,672 - INFO - 5: ['Pulmonary Valve Regurgitation']
2024-11-07 20:18:06,672 - INFO - 6: ['Tricuspid Valve Regurgitation']
2024-11-07 20:18:06,672 - INFO - 
SEVERITY:
2024-11-07 20:18:06,672 - INFO - 0: Borderline rhd
2024-11-07 20:18:06,672 - INFO - 1: Definite rhd
2024-11-07 20:18:06,672 - INFO - 2: Not Applicable
2024-11-07 20:18:12,380 - INFO - Initialized dinov2_vits14 model
2024-11-07 20:18:12,380 - INFO - Starting training...
2024-11-07 20:23:46,472 - INFO - Silhouette Score for View: 0.1309
2024-11-07 20:24:13,451 - INFO - Silhouette Score for Condition: 0.0781
2024-11-07 20:24:41,205 - INFO - Silhouette Score for Severity: 0.1309
2024-11-07 20:49:20,863 - INFO - 
Test Metrics:
2024-11-07 20:49:20,863 - INFO - 
VIEW:
2024-11-07 20:49:20,864 - INFO - accuracy: 1.0000
2024-11-07 20:49:20,864 - INFO - precision: 1.0000
2024-11-07 20:49:20,864 - INFO - recall: 1.0000
2024-11-07 20:49:20,864 - INFO - specificity: 1.0000
2024-11-07 20:49:20,864 - INFO - f1: 1.0000
2024-11-07 20:49:20,864 - INFO - 
CONDITION:
2024-11-07 20:49:20,864 - INFO - accuracy: 1.0000
2024-11-07 20:49:20,864 - INFO - precision: 1.0000
2024-11-07 20:49:20,864 - INFO - recall: 1.0000
2024-11-07 20:49:20,864 - INFO - specificity: 1.0000
2024-11-07 20:49:20,864 - INFO - f1: 1.0000
2024-11-07 20:49:20,864 - INFO - 
SEVERITY:
2024-11-07 20:49:20,864 - INFO - accuracy: 1.0000
2024-11-07 20:49:20,864 - INFO - precision: 1.0000
2024-11-07 20:49:20,864 - INFO - recall: 1.0000
2024-11-07 20:49:20,864 - INFO - specificity: 1.0000
2024-11-07 20:49:20,864 - INFO - f1: 1.0000
2024-11-07 20:49:40,057 - INFO - Training completed. Results saved in: outputs/run_20241107_201801
